<?xml version="1.0" encoding="UTF-8"?>
<!-- Generated by org.testng.reporters.JUnitReportReporter -->
<testsuite skipped="0" hostname="DESKTOP-GN1LMTG" name="com.flipkartAutomation.Validation.FlipkartRunner" tests="1" failures="0" timestamp="2023-03-01T16:09:49 IST" time="19.290" errors="0">
  <testcase name="flipkartValidation" time="19.290" classname="com.flipkartAutomation.Validation.FlipkartRunner"/>
  <system-out/>
</testsuite> <!-- com.flipkartAutomation.Validation.FlipkartRunner -->
